<?xml version="1.0" encoding="UTF-8"?>
<!-- Generated by org.testng.reporters.JUnitReportReporter -->
<testsuite hostname="DESKTOP-INIVNI7" failures="0" tests="1" name="firstpackage.Annotations3" time="0.010" errors="0" timestamp="2024-04-07T21:46:48 IST" skipped="0">
  <testcase classname="firstpackage.Annotations3" name="e" time="0.010"/>
  <system-out/>
</testsuite> <!-- firstpackage.Annotations3 -->
