<?xml version="1.0" encoding="UTF-8"?>
<!-- Generated by org.testng.reporters.JUnitReportReporter -->
<testsuite hostname="DESKTOP-INIVNI7" failures="0" tests="3" name="firstpackage.Annotations2" time="0.025" errors="0" timestamp="2024-04-07T21:25:55 IST" skipped="0">
  <testcase classname="firstpackage.Annotations2" name="testCase1" time="0.017"/>
  <system-out/>
  <testcase classname="firstpackage.Annotations2" name="testCase3" time="0.005"/>
  <system-out/>
  <testcase classname="firstpackage.Annotations2" name="testCase2" time="0.003"/>
  <system-out/>
</testsuite> <!-- firstpackage.Annotations2 -->
