<?xml version="1.0" encoding="UTF-8"?>
<!-- Generated by org.testng.reporters.JUnitReportReporter -->
<testsuite hostname="DESKTOP-INIVNI7" failures="0" tests="3" name="firstpackage.firstClass" time="38.260" errors="0" timestamp="2024-04-06T18:59:51 IST" skipped="0">
  <testcase classname="firstpackage.firstClass" name="c" time="27.517"/>
  <system-out/>
  <testcase classname="firstpackage.firstClass" name="b" time="6.965"/>
  <system-out/>
  <testcase classname="firstpackage.firstClass" name="a" time="3.778"/>
  <system-out/>
</testsuite> <!-- firstpackage.firstClass -->
